<?xml version="1.0" encoding="UTF-8"?>
<!-- Generated by org.testng.reporters.JUnitReportReporter -->
<testsuite hostname="Veda-pC" failures="0" tests="1" name="com.API.tests.LoginTest" time="8.812" errors="0" timestamp="2025-03-11T13:44:34 IST" skipped="0">
  <testcase classname="com.API.tests.LoginTest" name="Login" time="8.812"/>
  <system-out/>
</testsuite> <!-- com.API.tests.LoginTest -->
